<?xml version="1.0" encoding="UTF-8"?>
<testng-results skipped="0" failed="0" ignored="0" total="0" passed="0">
  <reporter-output>
  </reporter-output>
  <suite name="Surefire suite" duration-ms="122720" started-at="2020-12-10T20:34:08 IST" finished-at="2020-12-10T20:36:10 IST">
    <groups>
    </groups>
    <test name="Surefire test" duration-ms="122720" started-at="2020-12-10T20:34:08 IST" finished-at="2020-12-10T20:36:10 IST">
    </test> <!-- Surefire test -->
  </suite> <!-- Surefire suite -->
</testng-results>
